TN:
SF:src/modules/appointments/services/CreateAppointmentService.ts
FN:11,(anonymous_14)
FN:14,CreateAppointmentService
FN:18,(anonymous_16)
FNF:3
FNH:3
FNDA:1,(anonymous_14)
FNDA:2,CreateAppointmentService
FNDA:3,(anonymous_16)
DA:1,1
DA:2,1
DA:11,1
DA:15,2
DA:18,3
DA:19,3
DA:21,3
DA:25,3
DA:26,1
DA:29,2
DA:34,2
DA:36,1
DA:38,1
LF:13
LH:13
BRDA:25,0,0,1
BRDA:25,0,1,2
BRF:2
BRH:2
end_of_record
TN:
SF:src/modules/users/services/CreateSessionService.ts
FN:18,(anonymous_14)
FN:21,CreateSessionService
FN:25,(anonymous_16)
FNF:3
FNH:0
FNDA:0,(anonymous_14)
FNDA:0,CreateSessionService
FNDA:0,(anonymous_16)
DA:1,0
DA:2,0
DA:3,0
DA:4,0
DA:18,0
DA:22,0
DA:25,0
DA:26,0
DA:28,0
DA:29,0
DA:32,0
DA:34,0
DA:35,0
DA:38,0
DA:40,0
DA:45,0
DA:50,0
DA:52,0
LF:18
LH:0
BRDA:26,0,0,0
BRDA:28,1,0,0
BRDA:28,1,1,0
BRDA:34,2,0,0
BRDA:34,2,1,0
BRF:5
BRH:0
end_of_record
TN:
SF:src/modules/users/services/CreateUserService.ts
FN:12,(anonymous_14)
FN:15,CreateUserService
FN:19,(anonymous_16)
FNF:3
FNH:3
FNDA:1,(anonymous_14)
FNDA:2,CreateUserService
FNDA:3,(anonymous_16)
DA:1,1
DA:2,1
DA:12,1
DA:16,2
DA:19,3
DA:20,3
DA:22,3
DA:23,1
DA:26,2
DA:28,2
DA:34,4
DA:36,2
DA:38,1
DA:40,1
LF:14
LH:14
BRDA:20,0,0,3
BRDA:22,1,0,1
BRDA:22,1,1,2
BRF:3
BRH:3
end_of_record
TN:
SF:src/modules/users/services/UpdateUserAvatarService.ts
FN:13,(anonymous_14)
FN:16,UpdateUserAvatarService
FN:20,(anonymous_16)
FNF:3
FNH:0
FNDA:0,(anonymous_14)
FNDA:0,UpdateUserAvatarService
FNDA:0,(anonymous_16)
DA:1,0
DA:2,0
DA:3,0
DA:4,0
DA:13,0
DA:17,0
DA:20,0
DA:21,0
DA:23,0
DA:24,0
DA:27,0
DA:28,0
DA:29,0
DA:31,0
DA:32,0
DA:36,0
DA:38,0
DA:40,0
DA:42,0
LF:19
LH:0
BRDA:21,0,0,0
BRDA:23,1,0,0
BRDA:23,1,1,0
BRDA:27,2,0,0
BRDA:27,2,1,0
BRDA:31,3,0,0
BRDA:31,3,1,0
BRF:7
BRH:0
end_of_record
